{
  "stats": {
    "suites": 3,
    "tests": 3,
    "passes": 3,
    "pending": 0,
    "failures": 0,
    "start": "2022-06-07T00:15:19.910Z",
    "end": "2022-06-07T00:15:44.284Z",
    "duration": 24374,
    "testsRegistered": 3,
    "passPercent": 100,
    "pendingPercent": 0,
    "other": 0,
    "hasOther": false,
    "skipped": 0,
    "hasSkipped": false
  },
  "results": [
    {
      "uuid": "666e54a3-680b-43d7-9db3-3b9548757a3b",
      "title": "",
      "fullFile": "cypress/integration/test/prova.spec.js",
      "file": "cypress/integration/test/prova.spec.js",
      "beforeHooks": [],
      "afterHooks": [],
      "tests": [],
      "suites": [
        {
          "uuid": "c11df82e-3237-4140-9a41-25a6a63b3c1c",
          "title": "visitar site",
          "fullFile": "",
          "file": "",
          "beforeHooks": [],
          "afterHooks": [],
          "tests": [
            {
              "title": "entrar no site",
              "fullTitle": "visitar site entrar no site",
              "timedOut": null,
              "duration": 14216,
              "state": "passed",
              "speed": "slow",
              "pass": true,
              "fail": false,
              "pending": false,
              "context": null,
              "code": "cy.visit(\"https://demoqa.com/\");\ncy.get('.category-cards > :nth-child(1)').click();\ncy.get(':nth-child(1) > .element-list > .menu-list > #item-0').click();",
              "err": {},
              "uuid": "ee3c35ca-d1ad-45fc-a653-5ea6207b83e2",
              "parentUUID": "c11df82e-3237-4140-9a41-25a6a63b3c1c",
              "isHook": false,
              "skipped": false
            }
          ],
          "suites": [],
          "passes": [
            "ee3c35ca-d1ad-45fc-a653-5ea6207b83e2"
          ],
          "failures": [],
          "pending": [],
          "skipped": [],
          "duration": 14216,
          "root": false,
          "rootEmpty": false,
          "_timeout": 2000
        },
        {
          "uuid": "56aa6958-0a95-4941-85ba-bbcc6cdead42",
          "title": "preencher text boxes",
          "fullFile": "",
          "file": "",
          "beforeHooks": [],
          "afterHooks": [],
          "tests": [
            {
              "title": "preenchendo text boxes",
              "fullTitle": "preencher text boxes preenchendo text boxes",
              "timedOut": null,
              "duration": 2614,
              "state": "passed",
              "speed": "fast",
              "pass": true,
              "fail": false,
              "pending": false,
              "context": null,
              "code": "cy.on('uncaught:exception', () => {\n  return false;\n});\ncy.get(\"#userName\").type(\"Luiza Monroe\");\ncy.get('#userEmail').type(\"luizamonroe@live.com\");\ncy.get(\"#currentAddress\").type(\"Henrique Del Castilho, 85\");\ncy.get(\"#permanentAddress\").type(\"Dr. Omar Barbosa Lima, 15\");\ncy.get(\"#submit\").click();\ncy.get('.border').should(\"have.text\", \"Name:Luiza MonroeEmail:luizamonroe@live.comCurrent Address :Henrique Del Castilho, 85 Permananet Address :Dr. Omar Barbosa Lima, 15\");",
              "err": {},
              "uuid": "a45854df-ff49-42b0-9e50-ddbe25421f1d",
              "parentUUID": "56aa6958-0a95-4941-85ba-bbcc6cdead42",
              "isHook": false,
              "skipped": false
            }
          ],
          "suites": [],
          "passes": [
            "a45854df-ff49-42b0-9e50-ddbe25421f1d"
          ],
          "failures": [],
          "pending": [],
          "skipped": [],
          "duration": 2614,
          "root": false,
          "rootEmpty": false,
          "_timeout": 2000
        },
        {
          "uuid": "a2d2cbce-a136-4a5b-b918-37c0ee9e904b",
          "title": "Preencher tabelas",
          "fullFile": "",
          "file": "",
          "beforeHooks": [],
          "afterHooks": [],
          "tests": [
            {
              "title": "preenchendo tabelas",
              "fullTitle": "Preencher tabelas preenchendo tabelas",
              "timedOut": null,
              "duration": 3719,
              "state": "passed",
              "speed": "fast",
              "pass": true,
              "fail": false,
              "pending": false,
              "context": null,
              "code": "cy.on('uncaught:exception', () => {\n  return false;\n});\ncy.get(':nth-child(1) > .element-list > .menu-list > #item-3 > .text').click();\ncy.get('#addNewRecordButton').click();\ncy.get('#firstName').type(\"Luiza\");\ncy.get(\"#lastName\").type(\"Monroe\");\ncy.get('#userEmail').type(\"luizamonroe@live.com\");\ncy.get('#age').type(\"25\");\ncy.get('#salary').type(\"800\");\ncy.get('#department').type(\"TI\");\ncy.get('#submit').click();\ncy.get('#searchBox').type(\"Luiza\");\ncy.get('.rt-tbody > :nth-child(1) > .rt-tr > :nth-child(1)').should(\"have.text\", \"Luiza\");",
              "err": {},
              "uuid": "f3a8dde1-40f0-4a3e-a53f-10085e21b2ea",
              "parentUUID": "a2d2cbce-a136-4a5b-b918-37c0ee9e904b",
              "isHook": false,
              "skipped": false
            }
          ],
          "suites": [],
          "passes": [
            "f3a8dde1-40f0-4a3e-a53f-10085e21b2ea"
          ],
          "failures": [],
          "pending": [],
          "skipped": [],
          "duration": 3719,
          "root": false,
          "rootEmpty": false,
          "_timeout": 2000
        }
      ],
      "passes": [],
      "failures": [],
      "pending": [],
      "skipped": [],
      "duration": 0,
      "root": true,
      "rootEmpty": true,
      "_timeout": 2000
    }
  ],
  "meta": {
    "mocha": {
      "version": "7.0.1"
    },
    "mochawesome": {
      "options": {
        "quiet": false,
        "reportFilename": "mochawesome",
        "saveHtml": true,
        "saveJson": true,
        "consoleReporter": "spec",
        "useInlineDiffs": false,
        "code": true
      },
      "version": "7.1.3"
    },
    "marge": {
      "options": null,
      "version": "6.2.0"
    }
  }
}